#------------------------------------------------------------------------------
# irace: An implementation in R of (Elitist) Iterated Racing
# Version: 4.3.c5b213a
# Copyright (C) 2010-2025
# Manuel Lopez-Ibanez     <manuel.lopez-ibanez@manchester.ac.uk>
# Jeremie Dubois-Lacoste
# Leslie Perez Caceres    <leslie.perez.caceres@ulb.ac.be>
#
# This is free software, and you are welcome to redistribute it under certain
# conditions.  See the GNU General Public License for details. There is NO
# WARRANTY; not even for MERCHANTABILITY or FITNESS FOR A PARTICULAR PURPOSE.
#
# irace builds upon previous code from the race package:
#     race: Racing methods for the selection of the best
#     Copyright (C) 2003 Mauro Birattari
#------------------------------------------------------------------------------
# installed at: /home/luishpmendes/R/x86_64-pc-linux-gnu-library/4.1/irace
# called with: --scenario mhaco-scenario.txt
# 2026-05-16 18:38:56 -03: Reading parameter file '/home/luishpmendes/UNICAMP/Doutorado/motsp_irace/irace/mhaco-parameters.txt'.
# 2026-05-16 18:38:56 -03: Estimating execution time using 5% of 1800 = 90
# 2026-05-16 18:44:01 -03: Estimated execution time is 31 based on 2 configurations and 5 instances. Used time: 302, remaining time: 1498, remaining budget (experiments): 48
Warning: == irace == With the current settings and estimated time per run (31) irace will not have enough budget to execute the minimum number of iterations (4). Execution will continue by assuming that the estimated time is too high and reducing the minimum number of iterations, however, if the estimation was correct or too low, results might not be better than random sampling.

# 2026-05-16 18:44:01 -03: Initialization
# Elitist race
# Elitist new instances: 1
# Elitist limit: 2
# nbIterations: 1
# minNbSurvival: 4
# nbParameters: 6
# seed: 891061538
# confidence level: 0.95
# budget: 48
# time budget: 1498
# mu: 5
# deterministic: FALSE

# 2026-05-16 18:44:01 -03: Iteration 1 of 1
# experimentsUsed: 10
# timeUsed: 302
# boundEstimate: 31
# remainingBudget: 48
# currentBudget: 48
# nbConfigurations: 8
# Markers:
     x No test is performed.
     c Configurations are discarded only due to capping.
     - The test is performed and some configurations are discarded.
     = The test is performed but no configuration is discarded.
     ! The test is performed and configurations could be discarded but elite configurations are preserved.
     . All alive configurations are elite and nothing is discarded.

+-+-----------+-----------+-----------+----------------+-----------+--------+-----+----+------+
| |   Instance|      Alive|       Best|       Mean best| Exp so far|  W time|  rho|KenW|  Qvar|
+-+-----------+-----------+-----------+----------------+-----------+--------+-----+----+------+
|x|          3|          8|          3|-1.792460000e+19|          6|00:03:02|   NA|  NA|    NA|
|x|          4|          8|          3|-8.962300035e+18|         12|00:03:00|+0.24|0.62|0.7089|
|x|          1|          8|          3|-6.677850024e+18|         18|00:03:00|+0.41|0.61|0.5555|
|x|          5|          8|          8|-4.997696907e+18|         24|00:03:06|+0.45|0.59|0.5687|
|=|          2|          8|          6|-3.998857556e+18|         30|00:03:00|+0.16|0.33|0.7175|
|-|          6|          3|          6|-3.332381312e+18|         38|00:04:00|+0.23|0.36|0.6033|
+-+-----------+-----------+-----------+----------------+-----------+--------+-----+----+------+
Best-so-far configuration:           6    mean value: -3.332381312e+18
Description of the best-so-far configuration:
  .ID. population_size_factor ker    q threshold n_gen_mark focus .PARENT.
6    6                     83   9 1.16        27         22  8.82       NA

# 2026-05-16 19:03:11 -03: Elite configurations (first number is the configuration ID; listed from best to worst according to the sum of ranks):
  population_size_factor ker    q threshold n_gen_mark focus
6                     83   9 1.16        27         22  8.82
8                     45  21 0.91        90         59  0.07
3                    108  83 0.66        52         47  6.32
# 2026-05-16 19:03:11 -03: Stopped because there is not enough budget to enforce the value of nbConfigurations.
# Iteration: 2
# nbIterations: 2
# experimentsUsed: 48
# timeUsed: 1448
# remainingBudget: 12
# currentBudget: 12
# number of elites: 3
# nbConfigurations: 5
# Total CPU user time: 1450.287, CPU sys time: 4.42, Wall-clock time: 1455.036
# Best configurations (first number is the configuration ID; listed from best to worst according to the sum of ranks):
  population_size_factor ker    q threshold n_gen_mark focus
6                     83   9 1.16        27         22  8.82
8                     45  21 0.91        90         59  0.07
3                    108  83 0.66        52         47  6.32
# Best configurations as commandlines (first number is the configuration ID; listed from best to worst according to the sum of ranks):
6 --population-size-factor 83 --ker 9 --q 1.16 --threshold 27 --n-gen-mark 22 --focus 8.82
8 --population-size-factor 45 --ker 21 --q 0.91 --threshold 90 --n-gen-mark 59 --focus 0.07
3 --population-size-factor 108 --ker 83 --q 0.66 --threshold 52 --n-gen-mark 47 --focus 6.32


# Testing of elite configurations: 1 
# Testing iteration configurations: FALSE 
# 2026-05-16 19:03:11 -03: No test instances, skip testing
