#------------------------------------------------------------------------------
# irace: An implementation in R of (Elitist) Iterated Racing
# Version: 4.3.c5b213a
# Copyright (C) 2010-2025
# Manuel Lopez-Ibanez     <manuel.lopez-ibanez@manchester.ac.uk>
# Jeremie Dubois-Lacoste
# Leslie Perez Caceres    <leslie.perez.caceres@ulb.ac.be>
#
# This is free software, and you are welcome to redistribute it under certain
# conditions.  See the GNU General Public License for details. There is NO
# WARRANTY; not even for MERCHANTABILITY or FITNESS FOR A PARTICULAR PURPOSE.
#
# irace builds upon previous code from the race package:
#     race: Racing methods for the selection of the best
#     Copyright (C) 2003 Mauro Birattari
#------------------------------------------------------------------------------
# installed at: /home/luishpmendes/R/x86_64-pc-linux-gnu-library/4.1/irace
# called with: --scenario nsbrkga-scenario-stage5.txt
# 2026-05-16 18:38:56 -03: Reading parameter file '/home/luishpmendes/UNICAMP/Doutorado/motsp_irace/irace/nsbrkga-parameters-stage5.txt'.
# 2026-05-16 18:38:56 -03: 4 expression(s) specifying forbidden configurations read.
# 2026-05-16 18:38:56 -03: Estimating execution time using 5% of 1800 = 90
# 2026-05-16 18:44:01 -03: Estimated execution time is 31 based on 2 configurations and 5 instances. Used time: 303, remaining time: 1497, remaining budget (experiments): 48
Warning: == irace == With the current settings and estimated time per run (31) irace will not have enough budget to execute the minimum number of iterations (6). Execution will continue by assuming that the estimated time is too high and reducing the minimum number of iterations, however, if the estimation was correct or too low, results might not be better than random sampling.

# 2026-05-16 18:44:01 -03: Initialization
# Elitist race
# Elitist new instances: 1
# Elitist limit: 2
# nbIterations: 1
# minNbSurvival: 6
# nbParameters: 20
# seed: 4815064
# confidence level: 0.95
# budget: 48
# time budget: 1497
# mu: 5
# deterministic: FALSE

# 2026-05-16 18:44:01 -03: Stopped because there is not enough budget to enforce the value of nbConfigurations.
# Iteration: 1
# nbIterations: 1
# experimentsUsed: 10
# timeUsed: 303
# remainingBudget: 48
# currentBudget: 48
# number of elites: 2
# nbConfigurations: 8
# Total CPU user time: 304.335, CPU sys time: 0.848, Wall-clock time: 305.358
# Best configurations (first number is the configuration ID; listed from best to worst according to the sum of ranks):
  population_size_factor min_elites_percentage max_elites_percentage mutation_probability mutation_distribution num_total_parents num_elite_parents bias_type diversity_type crossover_type num_populations exchange_interval num_exchange_individuals pr_type pr_dist_func pr_percentage pr_interval shake_interval shake_intensity shake_distribution reset_interval
1                     79                  0.09                  0.98                 0.87                 78.84                 2                 2         2              1              1               2                69                       65       0            2          0.71         945            882            0.48              44.02              0
2                     73                  0.03                  0.31                 0.93                 60.28                 4                 3         2              1              0               3               757                        9       1            2          0.03         883            445            0.29              50.20              0
# Best configurations as commandlines (first number is the configuration ID; listed from best to worst according to the sum of ranks):
1 --population-size-factor 79 --min-elites-percentage 0.09 --max-elites-percentage 0.98 --mutation-probability 0.87 --mutation-distribution 78.84 --num-total-parents 2 --num-elite-parents 2 --bias-type 2 --diversity-type 1 --crossover-type 1 --num-populations 2 --exchange-interval 69 --num-exchange-individuals 65 --pr-type 0 --pr-dist-func 2 --pr-percentage 0.71 --pr-interval 945 --shake-interval 882 --shake-intensity 0.48 --shake-distribution 44.02 --reset-interval 0
2 --population-size-factor 73 --min-elites-percentage 0.03 --max-elites-percentage 0.31 --mutation-probability 0.93 --mutation-distribution 60.28 --num-total-parents 4 --num-elite-parents 3 --bias-type 2 --diversity-type 1 --crossover-type 0 --num-populations 3 --exchange-interval 757 --num-exchange-individuals 9 --pr-type 1 --pr-dist-func 2 --pr-percentage 0.03 --pr-interval 883 --shake-interval 445 --shake-intensity 0.29 --shake-distribution 50.2 --reset-interval 0


# Testing of elite configurations: 1 
# Testing iteration configurations: FALSE 
# 2026-05-16 18:44:01 -03: No test instances, skip testing
