#------------------------------------------------------------------------------
# irace: An implementation in R of (Elitist) Iterated Racing
# Version: 4.3.c5b213a
# Copyright (C) 2010-2025
# Manuel Lopez-Ibanez     <manuel.lopez-ibanez@manchester.ac.uk>
# Jeremie Dubois-Lacoste
# Leslie Perez Caceres    <leslie.perez.caceres@ulb.ac.be>
#
# This is free software, and you are welcome to redistribute it under certain
# conditions.  See the GNU General Public License for details. There is NO
# WARRANTY; not even for MERCHANTABILITY or FITNESS FOR A PARTICULAR PURPOSE.
#
# irace builds upon previous code from the race package:
#     race: Racing methods for the selection of the best
#     Copyright (C) 2003 Mauro Birattari
#------------------------------------------------------------------------------
# installed at: /home/luishpmendes/R/x86_64-pc-linux-gnu-library/4.1/irace
# called with: --scenario nsbrkga-scenario-stage6.txt
# 2026-05-16 18:38:56 -03: Reading parameter file '/home/luishpmendes/UNICAMP/Doutorado/motsp_irace/irace/nsbrkga-parameters-stage6.txt'.
# 2026-05-16 18:38:56 -03: 5 expression(s) specifying forbidden configurations read.
# 2026-05-16 18:38:56 -03: Estimating execution time using 5% of 1800 = 90
# 2026-05-16 18:44:03 -03: Estimated execution time is 31 based on 2 configurations and 5 instances. Used time: 304, remaining time: 1496, remaining budget (experiments): 48
Warning: == irace == With the current settings and estimated time per run (31) irace will not have enough budget to execute the minimum number of iterations (6). Execution will continue by assuming that the estimated time is too high and reducing the minimum number of iterations, however, if the estimation was correct or too low, results might not be better than random sampling.

# 2026-05-16 18:44:03 -03: Initialization
# Elitist race
# Elitist new instances: 1
# Elitist limit: 2
# nbIterations: 1
# minNbSurvival: 6
# nbParameters: 22
# seed: 510227872
# confidence level: 0.95
# budget: 48
# time budget: 1496
# mu: 5
# deterministic: FALSE

# 2026-05-16 18:44:03 -03: Stopped because there is not enough budget to enforce the value of nbConfigurations.
# Iteration: 1
# nbIterations: 1
# experimentsUsed: 10
# timeUsed: 304
# remainingBudget: 48
# currentBudget: 48
# number of elites: 2
# nbConfigurations: 8
# Total CPU user time: 305.427, CPU sys time: 1.086, Wall-clock time: 306.854
# Best configurations (first number is the configuration ID; listed from best to worst according to the sum of ranks):
  population_size_factor min_elites_percentage max_elites_percentage mutation_probability mutation_distribution num_total_parents num_elite_parents bias_type diversity_type crossover_type num_populations exchange_interval num_exchange_individuals pr_type pr_dist_func pr_percentage pr_interval shake_interval shake_intensity shake_distribution reset_interval reset_intensity
1                    104                  0.38                  0.94                 0.81                 31.87                 5                 4         1              1              0               5               200                       72       1            0          0.27         738            728            0.79              73.73            833            0.54
2                     63                  0.78                  0.97                 0.53                 10.21                 5                 4         3              1              1               5               794                       44       1            0          0.24         144            447            0.45              39.70            864            0.33
# Best configurations as commandlines (first number is the configuration ID; listed from best to worst according to the sum of ranks):
1 --population-size-factor 104 --min-elites-percentage 0.38 --max-elites-percentage 0.94 --mutation-probability 0.81 --mutation-distribution 31.87 --num-total-parents 5 --num-elite-parents 4 --bias-type 1 --diversity-type 1 --crossover-type 0 --num-populations 5 --exchange-interval 200 --num-exchange-individuals 72 --pr-type 1 --pr-dist-func 0 --pr-percentage 0.27 --pr-interval 738 --shake-interval 728 --shake-intensity 0.79 --shake-distribution 73.73 --reset-interval 833 --reset-intensity 0.54
2 --population-size-factor 63 --min-elites-percentage 0.78 --max-elites-percentage 0.97 --mutation-probability 0.53 --mutation-distribution 10.21 --num-total-parents 5 --num-elite-parents 4 --bias-type 3 --diversity-type 1 --crossover-type 1 --num-populations 5 --exchange-interval 794 --num-exchange-individuals 44 --pr-type 1 --pr-dist-func 0 --pr-percentage 0.24 --pr-interval 144 --shake-interval 447 --shake-intensity 0.45 --shake-distribution 39.7 --reset-interval 864 --reset-intensity 0.33


# Testing of elite configurations: 1 
# Testing iteration configurations: FALSE 
# 2026-05-16 18:44:03 -03: No test instances, skip testing
