#------------------------------------------------------------------------------
# irace: An implementation in R of (Elitist) Iterated Racing
# Version: 4.3.c5b213a
# Copyright (C) 2010-2025
# Manuel Lopez-Ibanez     <manuel.lopez-ibanez@manchester.ac.uk>
# Jeremie Dubois-Lacoste
# Leslie Perez Caceres    <leslie.perez.caceres@ulb.ac.be>
#
# This is free software, and you are welcome to redistribute it under certain
# conditions.  See the GNU General Public License for details. There is NO
# WARRANTY; not even for MERCHANTABILITY or FITNESS FOR A PARTICULAR PURPOSE.
#
# irace builds upon previous code from the race package:
#     race: Racing methods for the selection of the best
#     Copyright (C) 2003 Mauro Birattari
#------------------------------------------------------------------------------
# installed at: /home/luishpmendes/R/x86_64-pc-linux-gnu-library/4.1/irace
# called with: --scenario nsbrkga-scenario-stage3.txt
# 2026-05-16 18:38:56 -03: Reading parameter file '/home/luishpmendes/UNICAMP/Doutorado/motsp_irace/irace/nsbrkga-parameters-stage3.txt'.
# 2026-05-16 18:38:56 -03: 4 expression(s) specifying forbidden configurations read.
# 2026-05-16 18:38:56 -03: Estimating execution time using 5% of 1800 = 90
# 2026-05-16 18:44:42 -03: Estimated execution time is 35 based on 2 configurations and 5 instances. Used time: 345, remaining time: 1455, remaining budget (experiments): 42
Warning: == irace == With the current settings and estimated time per run (35) irace will not have enough budget to execute the minimum number of iterations (5). Execution will continue by assuming that the estimated time is too high and reducing the minimum number of iterations, however, if the estimation was correct or too low, results might not be better than random sampling.

# 2026-05-16 18:44:42 -03: Initialization
# Elitist race
# Elitist new instances: 1
# Elitist limit: 2
# nbIterations: 1
# minNbSurvival: 5
# nbParameters: 13
# seed: 1498608800
# confidence level: 0.95
# budget: 42
# time budget: 1455
# mu: 5
# deterministic: FALSE

# 2026-05-16 18:44:42 -03: Stopped because there is not enough budget to enforce the value of nbConfigurations.
# Iteration: 1
# nbIterations: 1
# experimentsUsed: 10
# timeUsed: 345
# remainingBudget: 42
# currentBudget: 42
# number of elites: 2
# nbConfigurations: 7
# Total CPU user time: 345.312, CPU sys time: 0.977, Wall-clock time: 346.469
# Best configurations (first number is the configuration ID; listed from best to worst according to the sum of ranks):
  population_size_factor min_elites_percentage max_elites_percentage mutation_probability mutation_distribution num_total_parents num_elite_parents bias_type diversity_type crossover_type num_populations exchange_interval num_exchange_individuals pr_interval shake_interval reset_interval
1                     72                  0.27                  0.53                 0.03                 51.42                 3                 3         1              0              0               2               888                       11           0              0              0
2                     97                  0.02                  0.78                 0.28                 26.67                 4                 4         6              3              1               5               138                       36           0              0              0
# Best configurations as commandlines (first number is the configuration ID; listed from best to worst according to the sum of ranks):
1 --population-size-factor 72 --min-elites-percentage 0.27 --max-elites-percentage 0.53 --mutation-probability 0.03 --mutation-distribution 51.42 --num-total-parents 3 --num-elite-parents 3 --bias-type 1 --diversity-type 0 --crossover-type 0 --num-populations 2 --exchange-interval 888 --num-exchange-individuals 11 --pr-interval 0 --shake-interval 0 --reset-interval 0
2 --population-size-factor 97 --min-elites-percentage 0.02 --max-elites-percentage 0.78 --mutation-probability 0.28 --mutation-distribution 26.67 --num-total-parents 4 --num-elite-parents 4 --bias-type 6 --diversity-type 3 --crossover-type 1 --num-populations 5 --exchange-interval 138 --num-exchange-individuals 36 --pr-interval 0 --shake-interval 0 --reset-interval 0


# Testing of elite configurations: 1 
# Testing iteration configurations: FALSE 
# 2026-05-16 18:44:43 -03: No test instances, skip testing
