#------------------------------------------------------------------------------
# irace: An implementation in R of (Elitist) Iterated Racing
# Version: 4.3.c5b213a
# Copyright (C) 2010-2025
# Manuel Lopez-Ibanez     <manuel.lopez-ibanez@manchester.ac.uk>
# Jeremie Dubois-Lacoste
# Leslie Perez Caceres    <leslie.perez.caceres@ulb.ac.be>
#
# This is free software, and you are welcome to redistribute it under certain
# conditions.  See the GNU General Public License for details. There is NO
# WARRANTY; not even for MERCHANTABILITY or FITNESS FOR A PARTICULAR PURPOSE.
#
# irace builds upon previous code from the race package:
#     race: Racing methods for the selection of the best
#     Copyright (C) 2003 Mauro Birattari
#------------------------------------------------------------------------------
# installed at: /home/luishpmendes/R/x86_64-pc-linux-gnu-library/4.1/irace
# called with: --scenario nsga2-scenario.txt
# 2026-05-16 18:38:56 -03: Reading parameter file '/home/luishpmendes/UNICAMP/Doutorado/motsp_irace/irace/nsga2-parameters.txt'.
# 2026-05-16 18:38:56 -03: Estimating execution time using 5% of 1800 = 90
# 2026-05-16 18:44:01 -03: Estimated execution time is 31 based on 2 configurations and 5 instances. Used time: 302, remaining time: 1498, remaining budget (experiments): 48
Warning: == irace == With the current settings and estimated time per run (31) irace will not have enough budget to execute the minimum number of iterations (4). Execution will continue by assuming that the estimated time is too high and reducing the minimum number of iterations, however, if the estimation was correct or too low, results might not be better than random sampling.

# 2026-05-16 18:44:01 -03: Initialization
# Elitist race
# Elitist new instances: 1
# Elitist limit: 2
# nbIterations: 1
# minNbSurvival: 4
# nbParameters: 5
# seed: 2111066023
# confidence level: 0.95
# budget: 48
# time budget: 1498
# mu: 5
# deterministic: FALSE

# 2026-05-16 18:44:01 -03: Iteration 1 of 1
# experimentsUsed: 10
# timeUsed: 302
# boundEstimate: 31
# remainingBudget: 48
# currentBudget: 48
# nbConfigurations: 8
# Markers:
     x No test is performed.
     c Configurations are discarded only due to capping.
     - The test is performed and some configurations are discarded.
     = The test is performed but no configuration is discarded.
     ! The test is performed and configurations could be discarded but elite configurations are preserved.
     . All alive configurations are elite and nothing is discarded.

+-+-----------+-----------+-----------+----------------+-----------+--------+-----+----+------+
| |   Instance|      Alive|       Best|       Mean best| Exp so far|  W time|  rho|KenW|  Qvar|
+-+-----------+-----------+-----------+----------------+-----------+--------+-----+----+------+
|x|          1|          8|          5|-9.964950000e+10|          6|00:03:00|   NA|  NA|    NA|
|x|          4|          8|          1|-1.002790005e+19|         12|00:03:02|+0.10|0.55|0.6487|
|x|          2|          8|          1|-7.517846699e+18|         18|00:03:00|+0.33|0.55|0.4068|
|x|          5|          8|          1|-5.638385115e+18|         24|00:03:00|+0.40|0.55|0.3194|
|-|          3|          2|          1|-4.510713853e+18|         30|00:03:06|+0.20|0.36|0.4000|
+-+-----------+-----------+-----------+----------------+-----------+--------+-----+----+------+
Best-so-far configuration:           1    mean value: -4.510713853e+18
Description of the best-so-far configuration:
  .ID. population_size_factor crossover_probability crossover_distribution mutation_probability mutation_distribution .PARENT.
1    1                    118                  0.03                  94.82                 0.12                 90.53       NA

# 2026-05-16 18:59:11 -03: Elite configurations (first number is the configuration ID; listed from best to worst according to the sum of ranks):
  population_size_factor crossover_probability crossover_distribution mutation_probability mutation_distribution
1                    118                  0.03                  94.82                 0.12                 90.53
4                     85                  0.28                  97.18                 0.15                 96.44
# 2026-05-16 18:59:11 -03: Stopped because there is not enough budget to enforce the value of nbConfigurations.
# Iteration: 2
# nbIterations: 2
# experimentsUsed: 40
# timeUsed: 1208
# remainingBudget: 20
# currentBudget: 20
# number of elites: 2
# nbConfigurations: 6
# Total CPU user time: 1210.729, CPU sys time: 3.78, Wall-clock time: 1214.745
# Best configurations (first number is the configuration ID; listed from best to worst according to the sum of ranks):
  population_size_factor crossover_probability crossover_distribution mutation_probability mutation_distribution
1                    118                  0.03                  94.82                 0.12                 90.53
4                     85                  0.28                  97.18                 0.15                 96.44
# Best configurations as commandlines (first number is the configuration ID; listed from best to worst according to the sum of ranks):
1 --population-size-factor 118 --crossover-probability 0.03 --crossover-distribution 94.82 --mutation-probability 0.12 --mutation-distribution 90.53
4 --population-size-factor 85 --crossover-probability 0.28 --crossover-distribution 97.18 --mutation-probability 0.15 --mutation-distribution 96.44


# Testing of elite configurations: 1 
# Testing iteration configurations: FALSE 
# 2026-05-16 18:59:11 -03: No test instances, skip testing
