#------------------------------------------------------------------------------
# irace: An implementation in R of (Elitist) Iterated Racing
# Version: 4.3.c5b213a
# Copyright (C) 2010-2025
# Manuel Lopez-Ibanez     <manuel.lopez-ibanez@manchester.ac.uk>
# Jeremie Dubois-Lacoste
# Leslie Perez Caceres    <leslie.perez.caceres@ulb.ac.be>
#
# This is free software, and you are welcome to redistribute it under certain
# conditions.  See the GNU General Public License for details. There is NO
# WARRANTY; not even for MERCHANTABILITY or FITNESS FOR A PARTICULAR PURPOSE.
#
# irace builds upon previous code from the race package:
#     race: Racing methods for the selection of the best
#     Copyright (C) 2003 Mauro Birattari
#------------------------------------------------------------------------------
# installed at: /home/luishpmendes/R/x86_64-pc-linux-gnu-library/4.1/irace
# called with: --scenario nspso-scenario.txt
# 2026-05-16 18:38:56 -03: Reading parameter file '/home/luishpmendes/UNICAMP/Doutorado/motsp_irace/irace/nspso-parameters.txt'.
# 2026-05-16 18:38:56 -03: Estimating execution time using 5% of 1800 = 90
# 2026-05-16 18:44:00 -03: Estimated execution time is 31 based on 2 configurations and 5 instances. Used time: 302, remaining time: 1498, remaining budget (experiments): 48
Warning: == irace == With the current settings and estimated time per run (31) irace will not have enough budget to execute the minimum number of iterations (5). Execution will continue by assuming that the estimated time is too high and reducing the minimum number of iterations, however, if the estimation was correct or too low, results might not be better than random sampling.

# 2026-05-16 18:44:00 -03: Initialization
# Elitist race
# Elitist new instances: 1
# Elitist limit: 2
# nbIterations: 1
# minNbSurvival: 5
# nbParameters: 8
# seed: 1796672583
# confidence level: 0.95
# budget: 48
# time budget: 1498
# mu: 5
# deterministic: FALSE

# 2026-05-16 18:44:00 -03: Stopped because there is not enough budget to enforce the value of nbConfigurations.
# Iteration: 1
# nbIterations: 1
# experimentsUsed: 10
# timeUsed: 302
# remainingBudget: 48
# currentBudget: 48
# number of elites: 2
# nbConfigurations: 8
# Total CPU user time: 300.109, CPU sys time: 4.151, Wall-clock time: 304.453
# Best configurations (first number is the configuration ID; listed from best to worst according to the sum of ranks):
  population_size_factor omega   c1   c2  chi v_coeff leader_selection_range diversity_mechanism
1                     85  0.17 1.18 0.32 0.33    0.85                     14             max min
2                     35  0.67 3.17 2.31 0.92    0.36                     64         niche count
# Best configurations as commandlines (first number is the configuration ID; listed from best to worst according to the sum of ranks):
1 --population-size-factor 85 --omega 0.17 --c1 1.18 --c2 0.32 --chi 0.33 --v-coeff 0.85 --leader-selection-range 14 --diversity-mechanism max min
2 --population-size-factor 35 --omega 0.67 --c1 3.17 --c2 2.31 --chi 0.92 --v-coeff 0.36 --leader-selection-range 64 --diversity-mechanism niche count


# Testing of elite configurations: 1 
# Testing iteration configurations: FALSE 
# 2026-05-16 18:44:00 -03: No test instances, skip testing
